2018-12-04 09:04:27
未找到视图“loginout”或其母版视图，或没有视图引擎支持搜索的位置。搜索了以下位置: 
~/Views/mainform/loginout.aspx
~/Views/mainform/loginout.ascx
~/Views/Shared/loginout.aspx
~/Views/Shared/loginout.ascx
~/Views/mainform/loginout.cshtml
~/Views/mainform/loginout.vbhtml
~/Views/Shared/loginout.cshtml
~/Views/Shared/loginout.vbhtml
异常信息：System.InvalidOperationException: 未找到视图“loginout”或其母版视图，或没有视图引擎支持搜索的位置。搜索了以下位置: 
~/Views/mainform/loginout.aspx
~/Views/mainform/loginout.ascx
~/Views/Shared/loginout.aspx
~/Views/Shared/loginout.ascx
~/Views/mainform/loginout.cshtml
~/Views/mainform/loginout.vbhtml
~/Views/Shared/loginout.cshtml
~/Views/Shared/loginout.vbhtml
   在 System.Web.Mvc.ViewResult.FindView(ControllerContext context)
   在 System.Web.Mvc.ViewResultBase.ExecuteResult(ControllerContext context)
   在 System.Web.Mvc.ControllerActionInvoker.InvokeActionResult(ControllerContext controllerContext, ActionResult actionResult)
   在 System.Web.Mvc.ControllerActionInvoker.<>c__DisplayClass1a.<InvokeActionResultWithFilters>b__17()
   在 System.Web.Mvc.ControllerActionInvoker.InvokeActionResultFilter(IResultFilter filter, ResultExecutingContext preContext, Func`1 continuation)
   在 System.Web.Mvc.ControllerActionInvoker.<>c__DisplayClass1a.<>c__DisplayClass1c.<InvokeActionResultWithFilters>b__19()
   在 System.Web.Mvc.ControllerActionInvoker.InvokeActionResultFilter(IResultFilter filter, ResultExecutingContext preContext, Func`1 continuation)
   在 System.Web.Mvc.ControllerActionInvoker.<>c__DisplayClass1a.<>c__DisplayClass1c.<InvokeActionResultWithFilters>b__19()
   在 System.Web.Mvc.ControllerActionInvoker.InvokeActionResultWithFilters(ControllerContext controllerContext, IList`1 filters, ActionResult actionResult)
   在 System.Web.Mvc.Async.AsyncControllerActionInvoker.<>c__DisplayClass25.<>c__DisplayClass2a.<BeginInvokeAction>b__20()
   在 System.Web.Mvc.Async.AsyncControllerActionInvoker.<>c__DisplayClass25.<BeginInvokeAction>b__22(IAsyncResult asyncResult)
异常堆栈：   在 System.Web.Mvc.ViewResult.FindView(ControllerContext context)
   在 System.Web.Mvc.ViewResultBase.ExecuteResult(ControllerContext context)
   在 System.Web.Mvc.ControllerActionInvoker.InvokeActionResult(ControllerContext controllerContext, ActionResult actionResult)
   在 System.Web.Mvc.ControllerActionInvoker.<>c__DisplayClass1a.<InvokeActionResultWithFilters>b__17()
   在 System.Web.Mvc.ControllerActionInvoker.InvokeActionResultFilter(IResultFilter filter, ResultExecutingContext preContext, Func`1 continuation)
   在 System.Web.Mvc.ControllerActionInvoker.<>c__DisplayClass1a.<>c__DisplayClass1c.<InvokeActionResultWithFilters>b__19()
   在 System.Web.Mvc.ControllerActionInvoker.InvokeActionResultFilter(IResultFilter filter, ResultExecutingContext preContext, Func`1 continuation)
   在 System.Web.Mvc.ControllerActionInvoker.<>c__DisplayClass1a.<>c__DisplayClass1c.<InvokeActionResultWithFilters>b__19()
   在 System.Web.Mvc.ControllerActionInvoker.InvokeActionResultWithFilters(ControllerContext controllerContext, IList`1 filters, ActionResult actionResult)
   在 System.Web.Mvc.Async.AsyncControllerActionInvoker.<>c__DisplayClass25.<>c__DisplayClass2a.<BeginInvokeAction>b__20()
   在 System.Web.Mvc.Async.AsyncControllerActionInvoker.<>c__DisplayClass25.<BeginInvokeAction>b__22(IAsyncResult asyncResult)
异常简述：未找到视图“loginout”或其母版视图，或没有视图引擎支持搜索的位置。搜索了以下位置: 
~/Views/mainform/loginout.aspx
~/Views/mainform/loginout.ascx
~/Views/Shared/loginout.aspx
~/Views/Shared/loginout.ascx
~/Views/mainform/loginout.cshtml
~/Views/mainform/loginout.vbhtml
~/Views/Shared/loginout.cshtml
~/Views/Shared/loginout.vbhtml

----------------------------------

2018-12-04 15:56:14
未找到视图“loginout”或其母版视图，或没有视图引擎支持搜索的位置。搜索了以下位置: 
~/Views/mainform/loginout.aspx
~/Views/mainform/loginout.ascx
~/Views/Shared/loginout.aspx
~/Views/Shared/loginout.ascx
~/Views/mainform/loginout.cshtml
~/Views/mainform/loginout.vbhtml
~/Views/Shared/loginout.cshtml
~/Views/Shared/loginout.vbhtml
异常信息：System.InvalidOperationException: 未找到视图“loginout”或其母版视图，或没有视图引擎支持搜索的位置。搜索了以下位置: 
~/Views/mainform/loginout.aspx
~/Views/mainform/loginout.ascx
~/Views/Shared/loginout.aspx
~/Views/Shared/loginout.ascx
~/Views/mainform/loginout.cshtml
~/Views/mainform/loginout.vbhtml
~/Views/Shared/loginout.cshtml
~/Views/Shared/loginout.vbhtml
   在 System.Web.Mvc.ViewResult.FindView(ControllerContext context)
   在 System.Web.Mvc.ViewResultBase.ExecuteResult(ControllerContext context)
   在 System.Web.Mvc.ControllerActionInvoker.InvokeActionResult(ControllerContext controllerContext, ActionResult actionResult)
   在 System.Web.Mvc.ControllerActionInvoker.<>c__DisplayClass1a.<InvokeActionResultWithFilters>b__17()
   在 System.Web.Mvc.ControllerActionInvoker.InvokeActionResultFilter(IResultFilter filter, ResultExecutingContext preContext, Func`1 continuation)
   在 System.Web.Mvc.ControllerActionInvoker.<>c__DisplayClass1a.<>c__DisplayClass1c.<InvokeActionResultWithFilters>b__19()
   在 System.Web.Mvc.ControllerActionInvoker.InvokeActionResultFilter(IResultFilter filter, ResultExecutingContext preContext, Func`1 continuation)
   在 System.Web.Mvc.ControllerActionInvoker.<>c__DisplayClass1a.<>c__DisplayClass1c.<InvokeActionResultWithFilters>b__19()
   在 System.Web.Mvc.ControllerActionInvoker.InvokeActionResultWithFilters(ControllerContext controllerContext, IList`1 filters, ActionResult actionResult)
   在 System.Web.Mvc.Async.AsyncControllerActionInvoker.<>c__DisplayClass25.<>c__DisplayClass2a.<BeginInvokeAction>b__20()
   在 System.Web.Mvc.Async.AsyncControllerActionInvoker.<>c__DisplayClass25.<BeginInvokeAction>b__22(IAsyncResult asyncResult)
异常堆栈：   在 System.Web.Mvc.ViewResult.FindView(ControllerContext context)
   在 System.Web.Mvc.ViewResultBase.ExecuteResult(ControllerContext context)
   在 System.Web.Mvc.ControllerActionInvoker.InvokeActionResult(ControllerContext controllerContext, ActionResult actionResult)
   在 System.Web.Mvc.ControllerActionInvoker.<>c__DisplayClass1a.<InvokeActionResultWithFilters>b__17()
   在 System.Web.Mvc.ControllerActionInvoker.InvokeActionResultFilter(IResultFilter filter, ResultExecutingContext preContext, Func`1 continuation)
   在 System.Web.Mvc.ControllerActionInvoker.<>c__DisplayClass1a.<>c__DisplayClass1c.<InvokeActionResultWithFilters>b__19()
   在 System.Web.Mvc.ControllerActionInvoker.InvokeActionResultFilter(IResultFilter filter, ResultExecutingContext preContext, Func`1 continuation)
   在 System.Web.Mvc.ControllerActionInvoker.<>c__DisplayClass1a.<>c__DisplayClass1c.<InvokeActionResultWithFilters>b__19()
   在 System.Web.Mvc.ControllerActionInvoker.InvokeActionResultWithFilters(ControllerContext controllerContext, IList`1 filters, ActionResult actionResult)
   在 System.Web.Mvc.Async.AsyncControllerActionInvoker.<>c__DisplayClass25.<>c__DisplayClass2a.<BeginInvokeAction>b__20()
   在 System.Web.Mvc.Async.AsyncControllerActionInvoker.<>c__DisplayClass25.<BeginInvokeAction>b__22(IAsyncResult asyncResult)
异常简述：未找到视图“loginout”或其母版视图，或没有视图引擎支持搜索的位置。搜索了以下位置: 
~/Views/mainform/loginout.aspx
~/Views/mainform/loginout.ascx
~/Views/Shared/loginout.aspx
~/Views/Shared/loginout.ascx
~/Views/mainform/loginout.cshtml
~/Views/mainform/loginout.vbhtml
~/Views/Shared/loginout.cshtml
~/Views/Shared/loginout.vbhtml

----------------------------------

2018-12-04 15:57:14
未找到视图“loginout”或其母版视图，或没有视图引擎支持搜索的位置。搜索了以下位置: 
~/Views/mainform/loginout.aspx
~/Views/mainform/loginout.ascx
~/Views/Shared/loginout.aspx
~/Views/Shared/loginout.ascx
~/Views/mainform/loginout.cshtml
~/Views/mainform/loginout.vbhtml
~/Views/Shared/loginout.cshtml
~/Views/Shared/loginout.vbhtml
异常信息：System.InvalidOperationException: 未找到视图“loginout”或其母版视图，或没有视图引擎支持搜索的位置。搜索了以下位置: 
~/Views/mainform/loginout.aspx
~/Views/mainform/loginout.ascx
~/Views/Shared/loginout.aspx
~/Views/Shared/loginout.ascx
~/Views/mainform/loginout.cshtml
~/Views/mainform/loginout.vbhtml
~/Views/Shared/loginout.cshtml
~/Views/Shared/loginout.vbhtml
   在 System.Web.Mvc.ViewResult.FindView(ControllerContext context)
   在 System.Web.Mvc.ViewResultBase.ExecuteResult(ControllerContext context)
   在 System.Web.Mvc.ControllerActionInvoker.InvokeActionResult(ControllerContext controllerContext, ActionResult actionResult)
   在 System.Web.Mvc.ControllerActionInvoker.<>c__DisplayClass1a.<InvokeActionResultWithFilters>b__17()
   在 System.Web.Mvc.ControllerActionInvoker.InvokeActionResultFilter(IResultFilter filter, ResultExecutingContext preContext, Func`1 continuation)
   在 System.Web.Mvc.ControllerActionInvoker.<>c__DisplayClass1a.<>c__DisplayClass1c.<InvokeActionResultWithFilters>b__19()
   在 System.Web.Mvc.ControllerActionInvoker.InvokeActionResultFilter(IResultFilter filter, ResultExecutingContext preContext, Func`1 continuation)
   在 System.Web.Mvc.ControllerActionInvoker.<>c__DisplayClass1a.<>c__DisplayClass1c.<InvokeActionResultWithFilters>b__19()
   在 System.Web.Mvc.ControllerActionInvoker.InvokeActionResultWithFilters(ControllerContext controllerContext, IList`1 filters, ActionResult actionResult)
   在 System.Web.Mvc.Async.AsyncControllerActionInvoker.<>c__DisplayClass25.<>c__DisplayClass2a.<BeginInvokeAction>b__20()
   在 System.Web.Mvc.Async.AsyncControllerActionInvoker.<>c__DisplayClass25.<BeginInvokeAction>b__22(IAsyncResult asyncResult)
异常堆栈：   在 System.Web.Mvc.ViewResult.FindView(ControllerContext context)
   在 System.Web.Mvc.ViewResultBase.ExecuteResult(ControllerContext context)
   在 System.Web.Mvc.ControllerActionInvoker.InvokeActionResult(ControllerContext controllerContext, ActionResult actionResult)
   在 System.Web.Mvc.ControllerActionInvoker.<>c__DisplayClass1a.<InvokeActionResultWithFilters>b__17()
   在 System.Web.Mvc.ControllerActionInvoker.InvokeActionResultFilter(IResultFilter filter, ResultExecutingContext preContext, Func`1 continuation)
   在 System.Web.Mvc.ControllerActionInvoker.<>c__DisplayClass1a.<>c__DisplayClass1c.<InvokeActionResultWithFilters>b__19()
   在 System.Web.Mvc.ControllerActionInvoker.InvokeActionResultFilter(IResultFilter filter, ResultExecutingContext preContext, Func`1 continuation)
   在 System.Web.Mvc.ControllerActionInvoker.<>c__DisplayClass1a.<>c__DisplayClass1c.<InvokeActionResultWithFilters>b__19()
   在 System.Web.Mvc.ControllerActionInvoker.InvokeActionResultWithFilters(ControllerContext controllerContext, IList`1 filters, ActionResult actionResult)
   在 System.Web.Mvc.Async.AsyncControllerActionInvoker.<>c__DisplayClass25.<>c__DisplayClass2a.<BeginInvokeAction>b__20()
   在 System.Web.Mvc.Async.AsyncControllerActionInvoker.<>c__DisplayClass25.<BeginInvokeAction>b__22(IAsyncResult asyncResult)
异常简述：未找到视图“loginout”或其母版视图，或没有视图引擎支持搜索的位置。搜索了以下位置: 
~/Views/mainform/loginout.aspx
~/Views/mainform/loginout.ascx
~/Views/Shared/loginout.aspx
~/Views/Shared/loginout.ascx
~/Views/mainform/loginout.cshtml
~/Views/mainform/loginout.vbhtml
~/Views/Shared/loginout.cshtml
~/Views/Shared/loginout.vbhtml

----------------------------------

2018-12-04 15:57:41
未找到视图“loginout”或其母版视图，或没有视图引擎支持搜索的位置。搜索了以下位置: 
~/Views/mainform/loginout.aspx
~/Views/mainform/loginout.ascx
~/Views/Shared/loginout.aspx
~/Views/Shared/loginout.ascx
~/Views/mainform/loginout.cshtml
~/Views/mainform/loginout.vbhtml
~/Views/Shared/loginout.cshtml
~/Views/Shared/loginout.vbhtml
异常信息：System.InvalidOperationException: 未找到视图“loginout”或其母版视图，或没有视图引擎支持搜索的位置。搜索了以下位置: 
~/Views/mainform/loginout.aspx
~/Views/mainform/loginout.ascx
~/Views/Shared/loginout.aspx
~/Views/Shared/loginout.ascx
~/Views/mainform/loginout.cshtml
~/Views/mainform/loginout.vbhtml
~/Views/Shared/loginout.cshtml
~/Views/Shared/loginout.vbhtml
   在 System.Web.Mvc.ViewResult.FindView(ControllerContext context)
   在 System.Web.Mvc.ViewResultBase.ExecuteResult(ControllerContext context)
   在 System.Web.Mvc.ControllerActionInvoker.InvokeActionResult(ControllerContext controllerContext, ActionResult actionResult)
   在 System.Web.Mvc.ControllerActionInvoker.<>c__DisplayClass1a.<InvokeActionResultWithFilters>b__17()
   在 System.Web.Mvc.ControllerActionInvoker.InvokeActionResultFilter(IResultFilter filter, ResultExecutingContext preContext, Func`1 continuation)
   在 System.Web.Mvc.ControllerActionInvoker.<>c__DisplayClass1a.<>c__DisplayClass1c.<InvokeActionResultWithFilters>b__19()
   在 System.Web.Mvc.ControllerActionInvoker.InvokeActionResultFilter(IResultFilter filter, ResultExecutingContext preContext, Func`1 continuation)
   在 System.Web.Mvc.ControllerActionInvoker.<>c__DisplayClass1a.<>c__DisplayClass1c.<InvokeActionResultWithFilters>b__19()
   在 System.Web.Mvc.ControllerActionInvoker.InvokeActionResultWithFilters(ControllerContext controllerContext, IList`1 filters, ActionResult actionResult)
   在 System.Web.Mvc.Async.AsyncControllerActionInvoker.<>c__DisplayClass25.<>c__DisplayClass2a.<BeginInvokeAction>b__20()
   在 System.Web.Mvc.Async.AsyncControllerActionInvoker.<>c__DisplayClass25.<BeginInvokeAction>b__22(IAsyncResult asyncResult)
异常堆栈：   在 System.Web.Mvc.ViewResult.FindView(ControllerContext context)
   在 System.Web.Mvc.ViewResultBase.ExecuteResult(ControllerContext context)
   在 System.Web.Mvc.ControllerActionInvoker.InvokeActionResult(ControllerContext controllerContext, ActionResult actionResult)
   在 System.Web.Mvc.ControllerActionInvoker.<>c__DisplayClass1a.<InvokeActionResultWithFilters>b__17()
   在 System.Web.Mvc.ControllerActionInvoker.InvokeActionResultFilter(IResultFilter filter, ResultExecutingContext preContext, Func`1 continuation)
   在 System.Web.Mvc.ControllerActionInvoker.<>c__DisplayClass1a.<>c__DisplayClass1c.<InvokeActionResultWithFilters>b__19()
   在 System.Web.Mvc.ControllerActionInvoker.InvokeActionResultFilter(IResultFilter filter, ResultExecutingContext preContext, Func`1 continuation)
   在 System.Web.Mvc.ControllerActionInvoker.<>c__DisplayClass1a.<>c__DisplayClass1c.<InvokeActionResultWithFilters>b__19()
   在 System.Web.Mvc.ControllerActionInvoker.InvokeActionResultWithFilters(ControllerContext controllerContext, IList`1 filters, ActionResult actionResult)
   在 System.Web.Mvc.Async.AsyncControllerActionInvoker.<>c__DisplayClass25.<>c__DisplayClass2a.<BeginInvokeAction>b__20()
   在 System.Web.Mvc.Async.AsyncControllerActionInvoker.<>c__DisplayClass25.<BeginInvokeAction>b__22(IAsyncResult asyncResult)
异常简述：未找到视图“loginout”或其母版视图，或没有视图引擎支持搜索的位置。搜索了以下位置: 
~/Views/mainform/loginout.aspx
~/Views/mainform/loginout.ascx
~/Views/Shared/loginout.aspx
~/Views/Shared/loginout.ascx
~/Views/mainform/loginout.cshtml
~/Views/mainform/loginout.vbhtml
~/Views/Shared/loginout.cshtml
~/Views/Shared/loginout.vbhtml

----------------------------------

2018-12-04 16:00:00
未找到视图“loginout”或其母版视图，或没有视图引擎支持搜索的位置。搜索了以下位置: 
~/Views/mainform/loginout.aspx
~/Views/mainform/loginout.ascx
~/Views/Shared/loginout.aspx
~/Views/Shared/loginout.ascx
~/Views/mainform/loginout.cshtml
~/Views/mainform/loginout.vbhtml
~/Views/Shared/loginout.cshtml
~/Views/Shared/loginout.vbhtml
异常信息：System.InvalidOperationException: 未找到视图“loginout”或其母版视图，或没有视图引擎支持搜索的位置。搜索了以下位置: 
~/Views/mainform/loginout.aspx
~/Views/mainform/loginout.ascx
~/Views/Shared/loginout.aspx
~/Views/Shared/loginout.ascx
~/Views/mainform/loginout.cshtml
~/Views/mainform/loginout.vbhtml
~/Views/Shared/loginout.cshtml
~/Views/Shared/loginout.vbhtml
   在 System.Web.Mvc.ViewResult.FindView(ControllerContext context)
   在 System.Web.Mvc.ViewResultBase.ExecuteResult(ControllerContext context)
   在 System.Web.Mvc.ControllerActionInvoker.InvokeActionResult(ControllerContext controllerContext, ActionResult actionResult)
   在 System.Web.Mvc.ControllerActionInvoker.<>c__DisplayClass1a.<InvokeActionResultWithFilters>b__17()
   在 System.Web.Mvc.ControllerActionInvoker.InvokeActionResultFilter(IResultFilter filter, ResultExecutingContext preContext, Func`1 continuation)
   在 System.Web.Mvc.ControllerActionInvoker.<>c__DisplayClass1a.<>c__DisplayClass1c.<InvokeActionResultWithFilters>b__19()
   在 System.Web.Mvc.ControllerActionInvoker.InvokeActionResultFilter(IResultFilter filter, ResultExecutingContext preContext, Func`1 continuation)
   在 System.Web.Mvc.ControllerActionInvoker.<>c__DisplayClass1a.<>c__DisplayClass1c.<InvokeActionResultWithFilters>b__19()
   在 System.Web.Mvc.ControllerActionInvoker.InvokeActionResultWithFilters(ControllerContext controllerContext, IList`1 filters, ActionResult actionResult)
   在 System.Web.Mvc.Async.AsyncControllerActionInvoker.<>c__DisplayClass25.<>c__DisplayClass2a.<BeginInvokeAction>b__20()
   在 System.Web.Mvc.Async.AsyncControllerActionInvoker.<>c__DisplayClass25.<BeginInvokeAction>b__22(IAsyncResult asyncResult)
异常堆栈：   在 System.Web.Mvc.ViewResult.FindView(ControllerContext context)
   在 System.Web.Mvc.ViewResultBase.ExecuteResult(ControllerContext context)
   在 System.Web.Mvc.ControllerActionInvoker.InvokeActionResult(ControllerContext controllerContext, ActionResult actionResult)
   在 System.Web.Mvc.ControllerActionInvoker.<>c__DisplayClass1a.<InvokeActionResultWithFilters>b__17()
   在 System.Web.Mvc.ControllerActionInvoker.InvokeActionResultFilter(IResultFilter filter, ResultExecutingContext preContext, Func`1 continuation)
   在 System.Web.Mvc.ControllerActionInvoker.<>c__DisplayClass1a.<>c__DisplayClass1c.<InvokeActionResultWithFilters>b__19()
   在 System.Web.Mvc.ControllerActionInvoker.InvokeActionResultFilter(IResultFilter filter, ResultExecutingContext preContext, Func`1 continuation)
   在 System.Web.Mvc.ControllerActionInvoker.<>c__DisplayClass1a.<>c__DisplayClass1c.<InvokeActionResultWithFilters>b__19()
   在 System.Web.Mvc.ControllerActionInvoker.InvokeActionResultWithFilters(ControllerContext controllerContext, IList`1 filters, ActionResult actionResult)
   在 System.Web.Mvc.Async.AsyncControllerActionInvoker.<>c__DisplayClass25.<>c__DisplayClass2a.<BeginInvokeAction>b__20()
   在 System.Web.Mvc.Async.AsyncControllerActionInvoker.<>c__DisplayClass25.<BeginInvokeAction>b__22(IAsyncResult asyncResult)
异常简述：未找到视图“loginout”或其母版视图，或没有视图引擎支持搜索的位置。搜索了以下位置: 
~/Views/mainform/loginout.aspx
~/Views/mainform/loginout.ascx
~/Views/Shared/loginout.aspx
~/Views/Shared/loginout.ascx
~/Views/mainform/loginout.cshtml
~/Views/mainform/loginout.vbhtml
~/Views/Shared/loginout.cshtml
~/Views/Shared/loginout.vbhtml

----------------------------------

2018-12-04 16:02:24
未找到视图“loginout”或其母版视图，或没有视图引擎支持搜索的位置。搜索了以下位置: 
~/Views/mainform/loginout.aspx
~/Views/mainform/loginout.ascx
~/Views/Shared/loginout.aspx
~/Views/Shared/loginout.ascx
~/Views/mainform/loginout.cshtml
~/Views/mainform/loginout.vbhtml
~/Views/Shared/loginout.cshtml
~/Views/Shared/loginout.vbhtml
异常信息：System.InvalidOperationException: 未找到视图“loginout”或其母版视图，或没有视图引擎支持搜索的位置。搜索了以下位置: 
~/Views/mainform/loginout.aspx
~/Views/mainform/loginout.ascx
~/Views/Shared/loginout.aspx
~/Views/Shared/loginout.ascx
~/Views/mainform/loginout.cshtml
~/Views/mainform/loginout.vbhtml
~/Views/Shared/loginout.cshtml
~/Views/Shared/loginout.vbhtml
   在 System.Web.Mvc.ViewResult.FindView(ControllerContext context)
   在 System.Web.Mvc.ViewResultBase.ExecuteResult(ControllerContext context)
   在 System.Web.Mvc.ControllerActionInvoker.InvokeActionResult(ControllerContext controllerContext, ActionResult actionResult)
   在 System.Web.Mvc.ControllerActionInvoker.<>c__DisplayClass1a.<InvokeActionResultWithFilters>b__17()
   在 System.Web.Mvc.ControllerActionInvoker.InvokeActionResultFilter(IResultFilter filter, ResultExecutingContext preContext, Func`1 continuation)
   在 System.Web.Mvc.ControllerActionInvoker.<>c__DisplayClass1a.<>c__DisplayClass1c.<InvokeActionResultWithFilters>b__19()
   在 System.Web.Mvc.ControllerActionInvoker.InvokeActionResultFilter(IResultFilter filter, ResultExecutingContext preContext, Func`1 continuation)
   在 System.Web.Mvc.ControllerActionInvoker.<>c__DisplayClass1a.<>c__DisplayClass1c.<InvokeActionResultWithFilters>b__19()
   在 System.Web.Mvc.ControllerActionInvoker.InvokeActionResultWithFilters(ControllerContext controllerContext, IList`1 filters, ActionResult actionResult)
   在 System.Web.Mvc.Async.AsyncControllerActionInvoker.<>c__DisplayClass25.<>c__DisplayClass2a.<BeginInvokeAction>b__20()
   在 System.Web.Mvc.Async.AsyncControllerActionInvoker.<>c__DisplayClass25.<BeginInvokeAction>b__22(IAsyncResult asyncResult)
异常堆栈：   在 System.Web.Mvc.ViewResult.FindView(ControllerContext context)
   在 System.Web.Mvc.ViewResultBase.ExecuteResult(ControllerContext context)
   在 System.Web.Mvc.ControllerActionInvoker.InvokeActionResult(ControllerContext controllerContext, ActionResult actionResult)
   在 System.Web.Mvc.ControllerActionInvoker.<>c__DisplayClass1a.<InvokeActionResultWithFilters>b__17()
   在 System.Web.Mvc.ControllerActionInvoker.InvokeActionResultFilter(IResultFilter filter, ResultExecutingContext preContext, Func`1 continuation)
   在 System.Web.Mvc.ControllerActionInvoker.<>c__DisplayClass1a.<>c__DisplayClass1c.<InvokeActionResultWithFilters>b__19()
   在 System.Web.Mvc.ControllerActionInvoker.InvokeActionResultFilter(IResultFilter filter, ResultExecutingContext preContext, Func`1 continuation)
   在 System.Web.Mvc.ControllerActionInvoker.<>c__DisplayClass1a.<>c__DisplayClass1c.<InvokeActionResultWithFilters>b__19()
   在 System.Web.Mvc.ControllerActionInvoker.InvokeActionResultWithFilters(ControllerContext controllerContext, IList`1 filters, ActionResult actionResult)
   在 System.Web.Mvc.Async.AsyncControllerActionInvoker.<>c__DisplayClass25.<>c__DisplayClass2a.<BeginInvokeAction>b__20()
   在 System.Web.Mvc.Async.AsyncControllerActionInvoker.<>c__DisplayClass25.<BeginInvokeAction>b__22(IAsyncResult asyncResult)
异常简述：未找到视图“loginout”或其母版视图，或没有视图引擎支持搜索的位置。搜索了以下位置: 
~/Views/mainform/loginout.aspx
~/Views/mainform/loginout.ascx
~/Views/Shared/loginout.aspx
~/Views/Shared/loginout.ascx
~/Views/mainform/loginout.cshtml
~/Views/mainform/loginout.vbhtml
~/Views/Shared/loginout.cshtml
~/Views/Shared/loginout.vbhtml

----------------------------------

2018-12-04 16:04:54
未找到视图“loginout”或其母版视图，或没有视图引擎支持搜索的位置。搜索了以下位置: 
~/Views/mainform/loginout.aspx
~/Views/mainform/loginout.ascx
~/Views/Shared/loginout.aspx
~/Views/Shared/loginout.ascx
~/Views/mainform/loginout.cshtml
~/Views/mainform/loginout.vbhtml
~/Views/Shared/loginout.cshtml
~/Views/Shared/loginout.vbhtml
异常信息：System.InvalidOperationException: 未找到视图“loginout”或其母版视图，或没有视图引擎支持搜索的位置。搜索了以下位置: 
~/Views/mainform/loginout.aspx
~/Views/mainform/loginout.ascx
~/Views/Shared/loginout.aspx
~/Views/Shared/loginout.ascx
~/Views/mainform/loginout.cshtml
~/Views/mainform/loginout.vbhtml
~/Views/Shared/loginout.cshtml
~/Views/Shared/loginout.vbhtml
   在 System.Web.Mvc.ViewResult.FindView(ControllerContext context)
   在 System.Web.Mvc.ViewResultBase.ExecuteResult(ControllerContext context)
   在 System.Web.Mvc.ControllerActionInvoker.InvokeActionResult(ControllerContext controllerContext, ActionResult actionResult)
   在 System.Web.Mvc.ControllerActionInvoker.<>c__DisplayClass1a.<InvokeActionResultWithFilters>b__17()
   在 System.Web.Mvc.ControllerActionInvoker.InvokeActionResultFilter(IResultFilter filter, ResultExecutingContext preContext, Func`1 continuation)
   在 System.Web.Mvc.ControllerActionInvoker.<>c__DisplayClass1a.<>c__DisplayClass1c.<InvokeActionResultWithFilters>b__19()
   在 System.Web.Mvc.ControllerActionInvoker.InvokeActionResultFilter(IResultFilter filter, ResultExecutingContext preContext, Func`1 continuation)
   在 System.Web.Mvc.ControllerActionInvoker.<>c__DisplayClass1a.<>c__DisplayClass1c.<InvokeActionResultWithFilters>b__19()
   在 System.Web.Mvc.ControllerActionInvoker.InvokeActionResultWithFilters(ControllerContext controllerContext, IList`1 filters, ActionResult actionResult)
   在 System.Web.Mvc.Async.AsyncControllerActionInvoker.<>c__DisplayClass25.<>c__DisplayClass2a.<BeginInvokeAction>b__20()
   在 System.Web.Mvc.Async.AsyncControllerActionInvoker.<>c__DisplayClass25.<BeginInvokeAction>b__22(IAsyncResult asyncResult)
异常堆栈：   在 System.Web.Mvc.ViewResult.FindView(ControllerContext context)
   在 System.Web.Mvc.ViewResultBase.ExecuteResult(ControllerContext context)
   在 System.Web.Mvc.ControllerActionInvoker.InvokeActionResult(ControllerContext controllerContext, ActionResult actionResult)
   在 System.Web.Mvc.ControllerActionInvoker.<>c__DisplayClass1a.<InvokeActionResultWithFilters>b__17()
   在 System.Web.Mvc.ControllerActionInvoker.InvokeActionResultFilter(IResultFilter filter, ResultExecutingContext preContext, Func`1 continuation)
   在 System.Web.Mvc.ControllerActionInvoker.<>c__DisplayClass1a.<>c__DisplayClass1c.<InvokeActionResultWithFilters>b__19()
   在 System.Web.Mvc.ControllerActionInvoker.InvokeActionResultFilter(IResultFilter filter, ResultExecutingContext preContext, Func`1 continuation)
   在 System.Web.Mvc.ControllerActionInvoker.<>c__DisplayClass1a.<>c__DisplayClass1c.<InvokeActionResultWithFilters>b__19()
   在 System.Web.Mvc.ControllerActionInvoker.InvokeActionResultWithFilters(ControllerContext controllerContext, IList`1 filters, ActionResult actionResult)
   在 System.Web.Mvc.Async.AsyncControllerActionInvoker.<>c__DisplayClass25.<>c__DisplayClass2a.<BeginInvokeAction>b__20()
   在 System.Web.Mvc.Async.AsyncControllerActionInvoker.<>c__DisplayClass25.<BeginInvokeAction>b__22(IAsyncResult asyncResult)
异常简述：未找到视图“loginout”或其母版视图，或没有视图引擎支持搜索的位置。搜索了以下位置: 
~/Views/mainform/loginout.aspx
~/Views/mainform/loginout.ascx
~/Views/Shared/loginout.aspx
~/Views/Shared/loginout.ascx
~/Views/mainform/loginout.cshtml
~/Views/mainform/loginout.vbhtml
~/Views/Shared/loginout.cshtml
~/Views/Shared/loginout.vbhtml

----------------------------------

2018-12-04 16:08:16
未找到视图“loginout”或其母版视图，或没有视图引擎支持搜索的位置。搜索了以下位置: 
~/Views/mainform/loginout.aspx
~/Views/mainform/loginout.ascx
~/Views/Shared/loginout.aspx
~/Views/Shared/loginout.ascx
~/Views/mainform/loginout.cshtml
~/Views/mainform/loginout.vbhtml
~/Views/Shared/loginout.cshtml
~/Views/Shared/loginout.vbhtml
异常信息：System.InvalidOperationException: 未找到视图“loginout”或其母版视图，或没有视图引擎支持搜索的位置。搜索了以下位置: 
~/Views/mainform/loginout.aspx
~/Views/mainform/loginout.ascx
~/Views/Shared/loginout.aspx
~/Views/Shared/loginout.ascx
~/Views/mainform/loginout.cshtml
~/Views/mainform/loginout.vbhtml
~/Views/Shared/loginout.cshtml
~/Views/Shared/loginout.vbhtml
   在 System.Web.Mvc.ViewResult.FindView(ControllerContext context)
   在 System.Web.Mvc.ViewResultBase.ExecuteResult(ControllerContext context)
   在 System.Web.Mvc.ControllerActionInvoker.InvokeActionResult(ControllerContext controllerContext, ActionResult actionResult)
   在 System.Web.Mvc.ControllerActionInvoker.<>c__DisplayClass1a.<InvokeActionResultWithFilters>b__17()
   在 System.Web.Mvc.ControllerActionInvoker.InvokeActionResultFilter(IResultFilter filter, ResultExecutingContext preContext, Func`1 continuation)
   在 System.Web.Mvc.ControllerActionInvoker.<>c__DisplayClass1a.<>c__DisplayClass1c.<InvokeActionResultWithFilters>b__19()
   在 System.Web.Mvc.ControllerActionInvoker.InvokeActionResultFilter(IResultFilter filter, ResultExecutingContext preContext, Func`1 continuation)
   在 System.Web.Mvc.ControllerActionInvoker.<>c__DisplayClass1a.<>c__DisplayClass1c.<InvokeActionResultWithFilters>b__19()
   在 System.Web.Mvc.ControllerActionInvoker.InvokeActionResultWithFilters(ControllerContext controllerContext, IList`1 filters, ActionResult actionResult)
   在 System.Web.Mvc.Async.AsyncControllerActionInvoker.<>c__DisplayClass25.<>c__DisplayClass2a.<BeginInvokeAction>b__20()
   在 System.Web.Mvc.Async.AsyncControllerActionInvoker.<>c__DisplayClass25.<BeginInvokeAction>b__22(IAsyncResult asyncResult)
异常堆栈：   在 System.Web.Mvc.ViewResult.FindView(ControllerContext context)
   在 System.Web.Mvc.ViewResultBase.ExecuteResult(ControllerContext context)
   在 System.Web.Mvc.ControllerActionInvoker.InvokeActionResult(ControllerContext controllerContext, ActionResult actionResult)
   在 System.Web.Mvc.ControllerActionInvoker.<>c__DisplayClass1a.<InvokeActionResultWithFilters>b__17()
   在 System.Web.Mvc.ControllerActionInvoker.InvokeActionResultFilter(IResultFilter filter, ResultExecutingContext preContext, Func`1 continuation)
   在 System.Web.Mvc.ControllerActionInvoker.<>c__DisplayClass1a.<>c__DisplayClass1c.<InvokeActionResultWithFilters>b__19()
   在 System.Web.Mvc.ControllerActionInvoker.InvokeActionResultFilter(IResultFilter filter, ResultExecutingContext preContext, Func`1 continuation)
   在 System.Web.Mvc.ControllerActionInvoker.<>c__DisplayClass1a.<>c__DisplayClass1c.<InvokeActionResultWithFilters>b__19()
   在 System.Web.Mvc.ControllerActionInvoker.InvokeActionResultWithFilters(ControllerContext controllerContext, IList`1 filters, ActionResult actionResult)
   在 System.Web.Mvc.Async.AsyncControllerActionInvoker.<>c__DisplayClass25.<>c__DisplayClass2a.<BeginInvokeAction>b__20()
   在 System.Web.Mvc.Async.AsyncControllerActionInvoker.<>c__DisplayClass25.<BeginInvokeAction>b__22(IAsyncResult asyncResult)
异常简述：未找到视图“loginout”或其母版视图，或没有视图引擎支持搜索的位置。搜索了以下位置: 
~/Views/mainform/loginout.aspx
~/Views/mainform/loginout.ascx
~/Views/Shared/loginout.aspx
~/Views/Shared/loginout.ascx
~/Views/mainform/loginout.cshtml
~/Views/mainform/loginout.vbhtml
~/Views/Shared/loginout.cshtml
~/Views/Shared/loginout.vbhtml

----------------------------------

2018-12-04 16:09:18
未找到视图“loginout”或其母版视图，或没有视图引擎支持搜索的位置。搜索了以下位置: 
~/Views/mainform/loginout.aspx
~/Views/mainform/loginout.ascx
~/Views/Shared/loginout.aspx
~/Views/Shared/loginout.ascx
~/Views/mainform/loginout.cshtml
~/Views/mainform/loginout.vbhtml
~/Views/Shared/loginout.cshtml
~/Views/Shared/loginout.vbhtml
异常信息：System.InvalidOperationException: 未找到视图“loginout”或其母版视图，或没有视图引擎支持搜索的位置。搜索了以下位置: 
~/Views/mainform/loginout.aspx
~/Views/mainform/loginout.ascx
~/Views/Shared/loginout.aspx
~/Views/Shared/loginout.ascx
~/Views/mainform/loginout.cshtml
~/Views/mainform/loginout.vbhtml
~/Views/Shared/loginout.cshtml
~/Views/Shared/loginout.vbhtml
   在 System.Web.Mvc.ViewResult.FindView(ControllerContext context)
   在 System.Web.Mvc.ViewResultBase.ExecuteResult(ControllerContext context)
   在 System.Web.Mvc.ControllerActionInvoker.InvokeActionResult(ControllerContext controllerContext, ActionResult actionResult)
   在 System.Web.Mvc.ControllerActionInvoker.<>c__DisplayClass1a.<InvokeActionResultWithFilters>b__17()
   在 System.Web.Mvc.ControllerActionInvoker.InvokeActionResultFilter(IResultFilter filter, ResultExecutingContext preContext, Func`1 continuation)
   在 System.Web.Mvc.ControllerActionInvoker.<>c__DisplayClass1a.<>c__DisplayClass1c.<InvokeActionResultWithFilters>b__19()
   在 System.Web.Mvc.ControllerActionInvoker.InvokeActionResultFilter(IResultFilter filter, ResultExecutingContext preContext, Func`1 continuation)
   在 System.Web.Mvc.ControllerActionInvoker.<>c__DisplayClass1a.<>c__DisplayClass1c.<InvokeActionResultWithFilters>b__19()
   在 System.Web.Mvc.ControllerActionInvoker.InvokeActionResultWithFilters(ControllerContext controllerContext, IList`1 filters, ActionResult actionResult)
   在 System.Web.Mvc.Async.AsyncControllerActionInvoker.<>c__DisplayClass25.<>c__DisplayClass2a.<BeginInvokeAction>b__20()
   在 System.Web.Mvc.Async.AsyncControllerActionInvoker.<>c__DisplayClass25.<BeginInvokeAction>b__22(IAsyncResult asyncResult)
异常堆栈：   在 System.Web.Mvc.ViewResult.FindView(ControllerContext context)
   在 System.Web.Mvc.ViewResultBase.ExecuteResult(ControllerContext context)
   在 System.Web.Mvc.ControllerActionInvoker.InvokeActionResult(ControllerContext controllerContext, ActionResult actionResult)
   在 System.Web.Mvc.ControllerActionInvoker.<>c__DisplayClass1a.<InvokeActionResultWithFilters>b__17()
   在 System.Web.Mvc.ControllerActionInvoker.InvokeActionResultFilter(IResultFilter filter, ResultExecutingContext preContext, Func`1 continuation)
   在 System.Web.Mvc.ControllerActionInvoker.<>c__DisplayClass1a.<>c__DisplayClass1c.<InvokeActionResultWithFilters>b__19()
   在 System.Web.Mvc.ControllerActionInvoker.InvokeActionResultFilter(IResultFilter filter, ResultExecutingContext preContext, Func`1 continuation)
   在 System.Web.Mvc.ControllerActionInvoker.<>c__DisplayClass1a.<>c__DisplayClass1c.<InvokeActionResultWithFilters>b__19()
   在 System.Web.Mvc.ControllerActionInvoker.InvokeActionResultWithFilters(ControllerContext controllerContext, IList`1 filters, ActionResult actionResult)
   在 System.Web.Mvc.Async.AsyncControllerActionInvoker.<>c__DisplayClass25.<>c__DisplayClass2a.<BeginInvokeAction>b__20()
   在 System.Web.Mvc.Async.AsyncControllerActionInvoker.<>c__DisplayClass25.<BeginInvokeAction>b__22(IAsyncResult asyncResult)
异常简述：未找到视图“loginout”或其母版视图，或没有视图引擎支持搜索的位置。搜索了以下位置: 
~/Views/mainform/loginout.aspx
~/Views/mainform/loginout.ascx
~/Views/Shared/loginout.aspx
~/Views/Shared/loginout.ascx
~/Views/mainform/loginout.cshtml
~/Views/mainform/loginout.vbhtml
~/Views/Shared/loginout.cshtml
~/Views/Shared/loginout.vbhtml

----------------------------------

2018-12-04 16:11:58
未找到视图“loginout”或其母版视图，或没有视图引擎支持搜索的位置。搜索了以下位置: 
~/Views/mainform/loginout.aspx
~/Views/mainform/loginout.ascx
~/Views/Shared/loginout.aspx
~/Views/Shared/loginout.ascx
~/Views/mainform/loginout.cshtml
~/Views/mainform/loginout.vbhtml
~/Views/Shared/loginout.cshtml
~/Views/Shared/loginout.vbhtml
异常信息：System.InvalidOperationException: 未找到视图“loginout”或其母版视图，或没有视图引擎支持搜索的位置。搜索了以下位置: 
~/Views/mainform/loginout.aspx
~/Views/mainform/loginout.ascx
~/Views/Shared/loginout.aspx
~/Views/Shared/loginout.ascx
~/Views/mainform/loginout.cshtml
~/Views/mainform/loginout.vbhtml
~/Views/Shared/loginout.cshtml
~/Views/Shared/loginout.vbhtml
   在 System.Web.Mvc.ViewResult.FindView(ControllerContext context)
   在 System.Web.Mvc.ViewResultBase.ExecuteResult(ControllerContext context)
   在 System.Web.Mvc.ControllerActionInvoker.InvokeActionResult(ControllerContext controllerContext, ActionResult actionResult)
   在 System.Web.Mvc.ControllerActionInvoker.<>c__DisplayClass1a.<InvokeActionResultWithFilters>b__17()
   在 System.Web.Mvc.ControllerActionInvoker.InvokeActionResultFilter(IResultFilter filter, ResultExecutingContext preContext, Func`1 continuation)
   在 System.Web.Mvc.ControllerActionInvoker.<>c__DisplayClass1a.<>c__DisplayClass1c.<InvokeActionResultWithFilters>b__19()
   在 System.Web.Mvc.ControllerActionInvoker.InvokeActionResultFilter(IResultFilter filter, ResultExecutingContext preContext, Func`1 continuation)
   在 System.Web.Mvc.ControllerActionInvoker.<>c__DisplayClass1a.<>c__DisplayClass1c.<InvokeActionResultWithFilters>b__19()
   在 System.Web.Mvc.ControllerActionInvoker.InvokeActionResultWithFilters(ControllerContext controllerContext, IList`1 filters, ActionResult actionResult)
   在 System.Web.Mvc.Async.AsyncControllerActionInvoker.<>c__DisplayClass25.<>c__DisplayClass2a.<BeginInvokeAction>b__20()
   在 System.Web.Mvc.Async.AsyncControllerActionInvoker.<>c__DisplayClass25.<BeginInvokeAction>b__22(IAsyncResult asyncResult)
异常堆栈：   在 System.Web.Mvc.ViewResult.FindView(ControllerContext context)
   在 System.Web.Mvc.ViewResultBase.ExecuteResult(ControllerContext context)
   在 System.Web.Mvc.ControllerActionInvoker.InvokeActionResult(ControllerContext controllerContext, ActionResult actionResult)
   在 System.Web.Mvc.ControllerActionInvoker.<>c__DisplayClass1a.<InvokeActionResultWithFilters>b__17()
   在 System.Web.Mvc.ControllerActionInvoker.InvokeActionResultFilter(IResultFilter filter, ResultExecutingContext preContext, Func`1 continuation)
   在 System.Web.Mvc.ControllerActionInvoker.<>c__DisplayClass1a.<>c__DisplayClass1c.<InvokeActionResultWithFilters>b__19()
   在 System.Web.Mvc.ControllerActionInvoker.InvokeActionResultFilter(IResultFilter filter, ResultExecutingContext preContext, Func`1 continuation)
   在 System.Web.Mvc.ControllerActionInvoker.<>c__DisplayClass1a.<>c__DisplayClass1c.<InvokeActionResultWithFilters>b__19()
   在 System.Web.Mvc.ControllerActionInvoker.InvokeActionResultWithFilters(ControllerContext controllerContext, IList`1 filters, ActionResult actionResult)
   在 System.Web.Mvc.Async.AsyncControllerActionInvoker.<>c__DisplayClass25.<>c__DisplayClass2a.<BeginInvokeAction>b__20()
   在 System.Web.Mvc.Async.AsyncControllerActionInvoker.<>c__DisplayClass25.<BeginInvokeAction>b__22(IAsyncResult asyncResult)
异常简述：未找到视图“loginout”或其母版视图，或没有视图引擎支持搜索的位置。搜索了以下位置: 
~/Views/mainform/loginout.aspx
~/Views/mainform/loginout.ascx
~/Views/Shared/loginout.aspx
~/Views/Shared/loginout.ascx
~/Views/mainform/loginout.cshtml
~/Views/mainform/loginout.vbhtml
~/Views/Shared/loginout.cshtml
~/Views/Shared/loginout.vbhtml

----------------------------------

2018-12-04 16:16:06
未找到视图“loginout”或其母版视图，或没有视图引擎支持搜索的位置。搜索了以下位置: 
~/Views/mainform/loginout.aspx
~/Views/mainform/loginout.ascx
~/Views/Shared/loginout.aspx
~/Views/Shared/loginout.ascx
~/Views/mainform/loginout.cshtml
~/Views/mainform/loginout.vbhtml
~/Views/Shared/loginout.cshtml
~/Views/Shared/loginout.vbhtml
异常信息：System.InvalidOperationException: 未找到视图“loginout”或其母版视图，或没有视图引擎支持搜索的位置。搜索了以下位置: 
~/Views/mainform/loginout.aspx
~/Views/mainform/loginout.ascx
~/Views/Shared/loginout.aspx
~/Views/Shared/loginout.ascx
~/Views/mainform/loginout.cshtml
~/Views/mainform/loginout.vbhtml
~/Views/Shared/loginout.cshtml
~/Views/Shared/loginout.vbhtml
   在 System.Web.Mvc.ViewResult.FindView(ControllerContext context)
   在 System.Web.Mvc.ViewResultBase.ExecuteResult(ControllerContext context)
   在 System.Web.Mvc.ControllerActionInvoker.InvokeActionResult(ControllerContext controllerContext, ActionResult actionResult)
   在 System.Web.Mvc.ControllerActionInvoker.<>c__DisplayClass1a.<InvokeActionResultWithFilters>b__17()
   在 System.Web.Mvc.ControllerActionInvoker.InvokeActionResultFilter(IResultFilter filter, ResultExecutingContext preContext, Func`1 continuation)
   在 System.Web.Mvc.ControllerActionInvoker.<>c__DisplayClass1a.<>c__DisplayClass1c.<InvokeActionResultWithFilters>b__19()
   在 System.Web.Mvc.ControllerActionInvoker.InvokeActionResultFilter(IResultFilter filter, ResultExecutingContext preContext, Func`1 continuation)
   在 System.Web.Mvc.ControllerActionInvoker.<>c__DisplayClass1a.<>c__DisplayClass1c.<InvokeActionResultWithFilters>b__19()
   在 System.Web.Mvc.ControllerActionInvoker.InvokeActionResultWithFilters(ControllerContext controllerContext, IList`1 filters, ActionResult actionResult)
   在 System.Web.Mvc.Async.AsyncControllerActionInvoker.<>c__DisplayClass25.<>c__DisplayClass2a.<BeginInvokeAction>b__20()
   在 System.Web.Mvc.Async.AsyncControllerActionInvoker.<>c__DisplayClass25.<BeginInvokeAction>b__22(IAsyncResult asyncResult)
异常堆栈：   在 System.Web.Mvc.ViewResult.FindView(ControllerContext context)
   在 System.Web.Mvc.ViewResultBase.ExecuteResult(ControllerContext context)
   在 System.Web.Mvc.ControllerActionInvoker.InvokeActionResult(ControllerContext controllerContext, ActionResult actionResult)
   在 System.Web.Mvc.ControllerActionInvoker.<>c__DisplayClass1a.<InvokeActionResultWithFilters>b__17()
   在 System.Web.Mvc.ControllerActionInvoker.InvokeActionResultFilter(IResultFilter filter, ResultExecutingContext preContext, Func`1 continuation)
   在 System.Web.Mvc.ControllerActionInvoker.<>c__DisplayClass1a.<>c__DisplayClass1c.<InvokeActionResultWithFilters>b__19()
   在 System.Web.Mvc.ControllerActionInvoker.InvokeActionResultFilter(IResultFilter filter, ResultExecutingContext preContext, Func`1 continuation)
   在 System.Web.Mvc.ControllerActionInvoker.<>c__DisplayClass1a.<>c__DisplayClass1c.<InvokeActionResultWithFilters>b__19()
   在 System.Web.Mvc.ControllerActionInvoker.InvokeActionResultWithFilters(ControllerContext controllerContext, IList`1 filters, ActionResult actionResult)
   在 System.Web.Mvc.Async.AsyncControllerActionInvoker.<>c__DisplayClass25.<>c__DisplayClass2a.<BeginInvokeAction>b__20()
   在 System.Web.Mvc.Async.AsyncControllerActionInvoker.<>c__DisplayClass25.<BeginInvokeAction>b__22(IAsyncResult asyncResult)
异常简述：未找到视图“loginout”或其母版视图，或没有视图引擎支持搜索的位置。搜索了以下位置: 
~/Views/mainform/loginout.aspx
~/Views/mainform/loginout.ascx
~/Views/Shared/loginout.aspx
~/Views/Shared/loginout.ascx
~/Views/mainform/loginout.cshtml
~/Views/mainform/loginout.vbhtml
~/Views/Shared/loginout.cshtml
~/Views/Shared/loginout.vbhtml

----------------------------------

2018-12-04 16:16:47
未找到视图“loginout”或其母版视图，或没有视图引擎支持搜索的位置。搜索了以下位置: 
~/Views/mainform/loginout.aspx
~/Views/mainform/loginout.ascx
~/Views/Shared/loginout.aspx
~/Views/Shared/loginout.ascx
~/Views/mainform/loginout.cshtml
~/Views/mainform/loginout.vbhtml
~/Views/Shared/loginout.cshtml
~/Views/Shared/loginout.vbhtml
异常信息：System.InvalidOperationException: 未找到视图“loginout”或其母版视图，或没有视图引擎支持搜索的位置。搜索了以下位置: 
~/Views/mainform/loginout.aspx
~/Views/mainform/loginout.ascx
~/Views/Shared/loginout.aspx
~/Views/Shared/loginout.ascx
~/Views/mainform/loginout.cshtml
~/Views/mainform/loginout.vbhtml
~/Views/Shared/loginout.cshtml
~/Views/Shared/loginout.vbhtml
   在 System.Web.Mvc.ViewResult.FindView(ControllerContext context)
   在 System.Web.Mvc.ViewResultBase.ExecuteResult(ControllerContext context)
   在 System.Web.Mvc.ControllerActionInvoker.InvokeActionResult(ControllerContext controllerContext, ActionResult actionResult)
   在 System.Web.Mvc.ControllerActionInvoker.<>c__DisplayClass1a.<InvokeActionResultWithFilters>b__17()
   在 System.Web.Mvc.ControllerActionInvoker.InvokeActionResultFilter(IResultFilter filter, ResultExecutingContext preContext, Func`1 continuation)
   在 System.Web.Mvc.ControllerActionInvoker.<>c__DisplayClass1a.<>c__DisplayClass1c.<InvokeActionResultWithFilters>b__19()
   在 System.Web.Mvc.ControllerActionInvoker.InvokeActionResultFilter(IResultFilter filter, ResultExecutingContext preContext, Func`1 continuation)
   在 System.Web.Mvc.ControllerActionInvoker.<>c__DisplayClass1a.<>c__DisplayClass1c.<InvokeActionResultWithFilters>b__19()
   在 System.Web.Mvc.ControllerActionInvoker.InvokeActionResultWithFilters(ControllerContext controllerContext, IList`1 filters, ActionResult actionResult)
   在 System.Web.Mvc.Async.AsyncControllerActionInvoker.<>c__DisplayClass25.<>c__DisplayClass2a.<BeginInvokeAction>b__20()
   在 System.Web.Mvc.Async.AsyncControllerActionInvoker.<>c__DisplayClass25.<BeginInvokeAction>b__22(IAsyncResult asyncResult)
异常堆栈：   在 System.Web.Mvc.ViewResult.FindView(ControllerContext context)
   在 System.Web.Mvc.ViewResultBase.ExecuteResult(ControllerContext context)
   在 System.Web.Mvc.ControllerActionInvoker.InvokeActionResult(ControllerContext controllerContext, ActionResult actionResult)
   在 System.Web.Mvc.ControllerActionInvoker.<>c__DisplayClass1a.<InvokeActionResultWithFilters>b__17()
   在 System.Web.Mvc.ControllerActionInvoker.InvokeActionResultFilter(IResultFilter filter, ResultExecutingContext preContext, Func`1 continuation)
   在 System.Web.Mvc.ControllerActionInvoker.<>c__DisplayClass1a.<>c__DisplayClass1c.<InvokeActionResultWithFilters>b__19()
   在 System.Web.Mvc.ControllerActionInvoker.InvokeActionResultFilter(IResultFilter filter, ResultExecutingContext preContext, Func`1 continuation)
   在 System.Web.Mvc.ControllerActionInvoker.<>c__DisplayClass1a.<>c__DisplayClass1c.<InvokeActionResultWithFilters>b__19()
   在 System.Web.Mvc.ControllerActionInvoker.InvokeActionResultWithFilters(ControllerContext controllerContext, IList`1 filters, ActionResult actionResult)
   在 System.Web.Mvc.Async.AsyncControllerActionInvoker.<>c__DisplayClass25.<>c__DisplayClass2a.<BeginInvokeAction>b__20()
   在 System.Web.Mvc.Async.AsyncControllerActionInvoker.<>c__DisplayClass25.<BeginInvokeAction>b__22(IAsyncResult asyncResult)
异常简述：未找到视图“loginout”或其母版视图，或没有视图引擎支持搜索的位置。搜索了以下位置: 
~/Views/mainform/loginout.aspx
~/Views/mainform/loginout.ascx
~/Views/Shared/loginout.aspx
~/Views/Shared/loginout.ascx
~/Views/mainform/loginout.cshtml
~/Views/mainform/loginout.vbhtml
~/Views/Shared/loginout.cshtml
~/Views/Shared/loginout.vbhtml

----------------------------------

2018-12-04 16:29:45
未找到视图“loginout”或其母版视图，或没有视图引擎支持搜索的位置。搜索了以下位置: 
~/Views/mainform/loginout.aspx
~/Views/mainform/loginout.ascx
~/Views/Shared/loginout.aspx
~/Views/Shared/loginout.ascx
~/Views/mainform/loginout.cshtml
~/Views/mainform/loginout.vbhtml
~/Views/Shared/loginout.cshtml
~/Views/Shared/loginout.vbhtml
异常信息：System.InvalidOperationException: 未找到视图“loginout”或其母版视图，或没有视图引擎支持搜索的位置。搜索了以下位置: 
~/Views/mainform/loginout.aspx
~/Views/mainform/loginout.ascx
~/Views/Shared/loginout.aspx
~/Views/Shared/loginout.ascx
~/Views/mainform/loginout.cshtml
~/Views/mainform/loginout.vbhtml
~/Views/Shared/loginout.cshtml
~/Views/Shared/loginout.vbhtml
   在 System.Web.Mvc.ViewResult.FindView(ControllerContext context)
   在 System.Web.Mvc.ViewResultBase.ExecuteResult(ControllerContext context)
   在 System.Web.Mvc.ControllerActionInvoker.InvokeActionResult(ControllerContext controllerContext, ActionResult actionResult)
   在 System.Web.Mvc.ControllerActionInvoker.<>c__DisplayClass1a.<InvokeActionResultWithFilters>b__17()
   在 System.Web.Mvc.ControllerActionInvoker.InvokeActionResultFilter(IResultFilter filter, ResultExecutingContext preContext, Func`1 continuation)
   在 System.Web.Mvc.ControllerActionInvoker.<>c__DisplayClass1a.<>c__DisplayClass1c.<InvokeActionResultWithFilters>b__19()
   在 System.Web.Mvc.ControllerActionInvoker.InvokeActionResultFilter(IResultFilter filter, ResultExecutingContext preContext, Func`1 continuation)
   在 System.Web.Mvc.ControllerActionInvoker.<>c__DisplayClass1a.<>c__DisplayClass1c.<InvokeActionResultWithFilters>b__19()
   在 System.Web.Mvc.ControllerActionInvoker.InvokeActionResultWithFilters(ControllerContext controllerContext, IList`1 filters, ActionResult actionResult)
   在 System.Web.Mvc.Async.AsyncControllerActionInvoker.<>c__DisplayClass25.<>c__DisplayClass2a.<BeginInvokeAction>b__20()
   在 System.Web.Mvc.Async.AsyncControllerActionInvoker.<>c__DisplayClass25.<BeginInvokeAction>b__22(IAsyncResult asyncResult)
异常堆栈：   在 System.Web.Mvc.ViewResult.FindView(ControllerContext context)
   在 System.Web.Mvc.ViewResultBase.ExecuteResult(ControllerContext context)
   在 System.Web.Mvc.ControllerActionInvoker.InvokeActionResult(ControllerContext controllerContext, ActionResult actionResult)
   在 System.Web.Mvc.ControllerActionInvoker.<>c__DisplayClass1a.<InvokeActionResultWithFilters>b__17()
   在 System.Web.Mvc.ControllerActionInvoker.InvokeActionResultFilter(IResultFilter filter, ResultExecutingContext preContext, Func`1 continuation)
   在 System.Web.Mvc.ControllerActionInvoker.<>c__DisplayClass1a.<>c__DisplayClass1c.<InvokeActionResultWithFilters>b__19()
   在 System.Web.Mvc.ControllerActionInvoker.InvokeActionResultFilter(IResultFilter filter, ResultExecutingContext preContext, Func`1 continuation)
   在 System.Web.Mvc.ControllerActionInvoker.<>c__DisplayClass1a.<>c__DisplayClass1c.<InvokeActionResultWithFilters>b__19()
   在 System.Web.Mvc.ControllerActionInvoker.InvokeActionResultWithFilters(ControllerContext controllerContext, IList`1 filters, ActionResult actionResult)
   在 System.Web.Mvc.Async.AsyncControllerActionInvoker.<>c__DisplayClass25.<>c__DisplayClass2a.<BeginInvokeAction>b__20()
   在 System.Web.Mvc.Async.AsyncControllerActionInvoker.<>c__DisplayClass25.<BeginInvokeAction>b__22(IAsyncResult asyncResult)
异常简述：未找到视图“loginout”或其母版视图，或没有视图引擎支持搜索的位置。搜索了以下位置: 
~/Views/mainform/loginout.aspx
~/Views/mainform/loginout.ascx
~/Views/Shared/loginout.aspx
~/Views/Shared/loginout.ascx
~/Views/mainform/loginout.cshtml
~/Views/mainform/loginout.vbhtml
~/Views/Shared/loginout.cshtml
~/Views/Shared/loginout.vbhtml

----------------------------------

2018-12-04 16:30:26
未找到视图“loginout”或其母版视图，或没有视图引擎支持搜索的位置。搜索了以下位置: 
~/Views/mainform/loginout.aspx
~/Views/mainform/loginout.ascx
~/Views/Shared/loginout.aspx
~/Views/Shared/loginout.ascx
~/Views/mainform/loginout.cshtml
~/Views/mainform/loginout.vbhtml
~/Views/Shared/loginout.cshtml
~/Views/Shared/loginout.vbhtml
异常信息：System.InvalidOperationException: 未找到视图“loginout”或其母版视图，或没有视图引擎支持搜索的位置。搜索了以下位置: 
~/Views/mainform/loginout.aspx
~/Views/mainform/loginout.ascx
~/Views/Shared/loginout.aspx
~/Views/Shared/loginout.ascx
~/Views/mainform/loginout.cshtml
~/Views/mainform/loginout.vbhtml
~/Views/Shared/loginout.cshtml
~/Views/Shared/loginout.vbhtml
   在 System.Web.Mvc.ViewResult.FindView(ControllerContext context)
   在 System.Web.Mvc.ViewResultBase.ExecuteResult(ControllerContext context)
   在 System.Web.Mvc.ControllerActionInvoker.InvokeActionResult(ControllerContext controllerContext, ActionResult actionResult)
   在 System.Web.Mvc.ControllerActionInvoker.<>c__DisplayClass1a.<InvokeActionResultWithFilters>b__17()
   在 System.Web.Mvc.ControllerActionInvoker.InvokeActionResultFilter(IResultFilter filter, ResultExecutingContext preContext, Func`1 continuation)
   在 System.Web.Mvc.ControllerActionInvoker.<>c__DisplayClass1a.<>c__DisplayClass1c.<InvokeActionResultWithFilters>b__19()
   在 System.Web.Mvc.ControllerActionInvoker.InvokeActionResultFilter(IResultFilter filter, ResultExecutingContext preContext, Func`1 continuation)
   在 System.Web.Mvc.ControllerActionInvoker.<>c__DisplayClass1a.<>c__DisplayClass1c.<InvokeActionResultWithFilters>b__19()
   在 System.Web.Mvc.ControllerActionInvoker.InvokeActionResultWithFilters(ControllerContext controllerContext, IList`1 filters, ActionResult actionResult)
   在 System.Web.Mvc.Async.AsyncControllerActionInvoker.<>c__DisplayClass25.<>c__DisplayClass2a.<BeginInvokeAction>b__20()
   在 System.Web.Mvc.Async.AsyncControllerActionInvoker.<>c__DisplayClass25.<BeginInvokeAction>b__22(IAsyncResult asyncResult)
异常堆栈：   在 System.Web.Mvc.ViewResult.FindView(ControllerContext context)
   在 System.Web.Mvc.ViewResultBase.ExecuteResult(ControllerContext context)
   在 System.Web.Mvc.ControllerActionInvoker.InvokeActionResult(ControllerContext controllerContext, ActionResult actionResult)
   在 System.Web.Mvc.ControllerActionInvoker.<>c__DisplayClass1a.<InvokeActionResultWithFilters>b__17()
   在 System.Web.Mvc.ControllerActionInvoker.InvokeActionResultFilter(IResultFilter filter, ResultExecutingContext preContext, Func`1 continuation)
   在 System.Web.Mvc.ControllerActionInvoker.<>c__DisplayClass1a.<>c__DisplayClass1c.<InvokeActionResultWithFilters>b__19()
   在 System.Web.Mvc.ControllerActionInvoker.InvokeActionResultFilter(IResultFilter filter, ResultExecutingContext preContext, Func`1 continuation)
   在 System.Web.Mvc.ControllerActionInvoker.<>c__DisplayClass1a.<>c__DisplayClass1c.<InvokeActionResultWithFilters>b__19()
   在 System.Web.Mvc.ControllerActionInvoker.InvokeActionResultWithFilters(ControllerContext controllerContext, IList`1 filters, ActionResult actionResult)
   在 System.Web.Mvc.Async.AsyncControllerActionInvoker.<>c__DisplayClass25.<>c__DisplayClass2a.<BeginInvokeAction>b__20()
   在 System.Web.Mvc.Async.AsyncControllerActionInvoker.<>c__DisplayClass25.<BeginInvokeAction>b__22(IAsyncResult asyncResult)
异常简述：未找到视图“loginout”或其母版视图，或没有视图引擎支持搜索的位置。搜索了以下位置: 
~/Views/mainform/loginout.aspx
~/Views/mainform/loginout.ascx
~/Views/Shared/loginout.aspx
~/Views/Shared/loginout.ascx
~/Views/mainform/loginout.cshtml
~/Views/mainform/loginout.vbhtml
~/Views/Shared/loginout.cshtml
~/Views/Shared/loginout.vbhtml

----------------------------------

2018-12-04 16:31:28
未找到视图“loginout”或其母版视图，或没有视图引擎支持搜索的位置。搜索了以下位置: 
~/Views/mainform/loginout.aspx
~/Views/mainform/loginout.ascx
~/Views/Shared/loginout.aspx
~/Views/Shared/loginout.ascx
~/Views/mainform/loginout.cshtml
~/Views/mainform/loginout.vbhtml
~/Views/Shared/loginout.cshtml
~/Views/Shared/loginout.vbhtml
异常信息：System.InvalidOperationException: 未找到视图“loginout”或其母版视图，或没有视图引擎支持搜索的位置。搜索了以下位置: 
~/Views/mainform/loginout.aspx
~/Views/mainform/loginout.ascx
~/Views/Shared/loginout.aspx
~/Views/Shared/loginout.ascx
~/Views/mainform/loginout.cshtml
~/Views/mainform/loginout.vbhtml
~/Views/Shared/loginout.cshtml
~/Views/Shared/loginout.vbhtml
   在 System.Web.Mvc.ViewResult.FindView(ControllerContext context)
   在 System.Web.Mvc.ViewResultBase.ExecuteResult(ControllerContext context)
   在 System.Web.Mvc.ControllerActionInvoker.InvokeActionResult(ControllerContext controllerContext, ActionResult actionResult)
   在 System.Web.Mvc.ControllerActionInvoker.<>c__DisplayClass1a.<InvokeActionResultWithFilters>b__17()
   在 System.Web.Mvc.ControllerActionInvoker.InvokeActionResultFilter(IResultFilter filter, ResultExecutingContext preContext, Func`1 continuation)
   在 System.Web.Mvc.ControllerActionInvoker.<>c__DisplayClass1a.<>c__DisplayClass1c.<InvokeActionResultWithFilters>b__19()
   在 System.Web.Mvc.ControllerActionInvoker.InvokeActionResultFilter(IResultFilter filter, ResultExecutingContext preContext, Func`1 continuation)
   在 System.Web.Mvc.ControllerActionInvoker.<>c__DisplayClass1a.<>c__DisplayClass1c.<InvokeActionResultWithFilters>b__19()
   在 System.Web.Mvc.ControllerActionInvoker.InvokeActionResultWithFilters(ControllerContext controllerContext, IList`1 filters, ActionResult actionResult)
   在 System.Web.Mvc.Async.AsyncControllerActionInvoker.<>c__DisplayClass25.<>c__DisplayClass2a.<BeginInvokeAction>b__20()
   在 System.Web.Mvc.Async.AsyncControllerActionInvoker.<>c__DisplayClass25.<BeginInvokeAction>b__22(IAsyncResult asyncResult)
异常堆栈：   在 System.Web.Mvc.ViewResult.FindView(ControllerContext context)
   在 System.Web.Mvc.ViewResultBase.ExecuteResult(ControllerContext context)
   在 System.Web.Mvc.ControllerActionInvoker.InvokeActionResult(ControllerContext controllerContext, ActionResult actionResult)
   在 System.Web.Mvc.ControllerActionInvoker.<>c__DisplayClass1a.<InvokeActionResultWithFilters>b__17()
   在 System.Web.Mvc.ControllerActionInvoker.InvokeActionResultFilter(IResultFilter filter, ResultExecutingContext preContext, Func`1 continuation)
   在 System.Web.Mvc.ControllerActionInvoker.<>c__DisplayClass1a.<>c__DisplayClass1c.<InvokeActionResultWithFilters>b__19()
   在 System.Web.Mvc.ControllerActionInvoker.InvokeActionResultFilter(IResultFilter filter, ResultExecutingContext preContext, Func`1 continuation)
   在 System.Web.Mvc.ControllerActionInvoker.<>c__DisplayClass1a.<>c__DisplayClass1c.<InvokeActionResultWithFilters>b__19()
   在 System.Web.Mvc.ControllerActionInvoker.InvokeActionResultWithFilters(ControllerContext controllerContext, IList`1 filters, ActionResult actionResult)
   在 System.Web.Mvc.Async.AsyncControllerActionInvoker.<>c__DisplayClass25.<>c__DisplayClass2a.<BeginInvokeAction>b__20()
   在 System.Web.Mvc.Async.AsyncControllerActionInvoker.<>c__DisplayClass25.<BeginInvokeAction>b__22(IAsyncResult asyncResult)
异常简述：未找到视图“loginout”或其母版视图，或没有视图引擎支持搜索的位置。搜索了以下位置: 
~/Views/mainform/loginout.aspx
~/Views/mainform/loginout.ascx
~/Views/Shared/loginout.aspx
~/Views/Shared/loginout.ascx
~/Views/mainform/loginout.cshtml
~/Views/mainform/loginout.vbhtml
~/Views/Shared/loginout.cshtml
~/Views/Shared/loginout.vbhtml

----------------------------------

