2019-01-09 17:04:36
未找到视图“loginout”或其母版视图，或没有视图引擎支持搜索的位置。搜索了以下位置: 
~/Views/mainform/loginout.aspx
~/Views/mainform/loginout.ascx
~/Views/Shared/loginout.aspx
~/Views/Shared/loginout.ascx
~/Views/mainform/loginout.cshtml
~/Views/mainform/loginout.vbhtml
~/Views/Shared/loginout.cshtml
~/Views/Shared/loginout.vbhtml
异常信息：System.InvalidOperationException: 未找到视图“loginout”或其母版视图，或没有视图引擎支持搜索的位置。搜索了以下位置: 
~/Views/mainform/loginout.aspx
~/Views/mainform/loginout.ascx
~/Views/Shared/loginout.aspx
~/Views/Shared/loginout.ascx
~/Views/mainform/loginout.cshtml
~/Views/mainform/loginout.vbhtml
~/Views/Shared/loginout.cshtml
~/Views/Shared/loginout.vbhtml
   在 System.Web.Mvc.ViewResult.FindView(ControllerContext context)
   在 System.Web.Mvc.ViewResultBase.ExecuteResult(ControllerContext context)
   在 System.Web.Mvc.ControllerActionInvoker.InvokeActionResult(ControllerContext controllerContext, ActionResult actionResult)
   在 System.Web.Mvc.ControllerActionInvoker.<>c__DisplayClass1a.<InvokeActionResultWithFilters>b__17()
   在 System.Web.Mvc.ControllerActionInvoker.InvokeActionResultFilter(IResultFilter filter, ResultExecutingContext preContext, Func`1 continuation)
   在 System.Web.Mvc.ControllerActionInvoker.<>c__DisplayClass1a.<>c__DisplayClass1c.<InvokeActionResultWithFilters>b__19()
   在 System.Web.Mvc.ControllerActionInvoker.InvokeActionResultFilter(IResultFilter filter, ResultExecutingContext preContext, Func`1 continuation)
   在 System.Web.Mvc.ControllerActionInvoker.<>c__DisplayClass1a.<>c__DisplayClass1c.<InvokeActionResultWithFilters>b__19()
   在 System.Web.Mvc.ControllerActionInvoker.InvokeActionResultWithFilters(ControllerContext controllerContext, IList`1 filters, ActionResult actionResult)
   在 System.Web.Mvc.Async.AsyncControllerActionInvoker.<>c__DisplayClass25.<>c__DisplayClass2a.<BeginInvokeAction>b__20()
   在 System.Web.Mvc.Async.AsyncControllerActionInvoker.<>c__DisplayClass25.<BeginInvokeAction>b__22(IAsyncResult asyncResult)
异常堆栈：   在 System.Web.Mvc.ViewResult.FindView(ControllerContext context)
   在 System.Web.Mvc.ViewResultBase.ExecuteResult(ControllerContext context)
   在 System.Web.Mvc.ControllerActionInvoker.InvokeActionResult(ControllerContext controllerContext, ActionResult actionResult)
   在 System.Web.Mvc.ControllerActionInvoker.<>c__DisplayClass1a.<InvokeActionResultWithFilters>b__17()
   在 System.Web.Mvc.ControllerActionInvoker.InvokeActionResultFilter(IResultFilter filter, ResultExecutingContext preContext, Func`1 continuation)
   在 System.Web.Mvc.ControllerActionInvoker.<>c__DisplayClass1a.<>c__DisplayClass1c.<InvokeActionResultWithFilters>b__19()
   在 System.Web.Mvc.ControllerActionInvoker.InvokeActionResultFilter(IResultFilter filter, ResultExecutingContext preContext, Func`1 continuation)
   在 System.Web.Mvc.ControllerActionInvoker.<>c__DisplayClass1a.<>c__DisplayClass1c.<InvokeActionResultWithFilters>b__19()
   在 System.Web.Mvc.ControllerActionInvoker.InvokeActionResultWithFilters(ControllerContext controllerContext, IList`1 filters, ActionResult actionResult)
   在 System.Web.Mvc.Async.AsyncControllerActionInvoker.<>c__DisplayClass25.<>c__DisplayClass2a.<BeginInvokeAction>b__20()
   在 System.Web.Mvc.Async.AsyncControllerActionInvoker.<>c__DisplayClass25.<BeginInvokeAction>b__22(IAsyncResult asyncResult)
异常简述：未找到视图“loginout”或其母版视图，或没有视图引擎支持搜索的位置。搜索了以下位置: 
~/Views/mainform/loginout.aspx
~/Views/mainform/loginout.ascx
~/Views/Shared/loginout.aspx
~/Views/Shared/loginout.ascx
~/Views/mainform/loginout.cshtml
~/Views/mainform/loginout.vbhtml
~/Views/Shared/loginout.cshtml
~/Views/Shared/loginout.vbhtml

----------------------------------

2019-01-09 17:05:59
未找到视图“loginout”或其母版视图，或没有视图引擎支持搜索的位置。搜索了以下位置: 
~/Views/mainform/loginout.aspx
~/Views/mainform/loginout.ascx
~/Views/Shared/loginout.aspx
~/Views/Shared/loginout.ascx
~/Views/mainform/loginout.cshtml
~/Views/mainform/loginout.vbhtml
~/Views/Shared/loginout.cshtml
~/Views/Shared/loginout.vbhtml
异常信息：System.InvalidOperationException: 未找到视图“loginout”或其母版视图，或没有视图引擎支持搜索的位置。搜索了以下位置: 
~/Views/mainform/loginout.aspx
~/Views/mainform/loginout.ascx
~/Views/Shared/loginout.aspx
~/Views/Shared/loginout.ascx
~/Views/mainform/loginout.cshtml
~/Views/mainform/loginout.vbhtml
~/Views/Shared/loginout.cshtml
~/Views/Shared/loginout.vbhtml
   在 System.Web.Mvc.ViewResult.FindView(ControllerContext context)
   在 System.Web.Mvc.ViewResultBase.ExecuteResult(ControllerContext context)
   在 System.Web.Mvc.ControllerActionInvoker.InvokeActionResult(ControllerContext controllerContext, ActionResult actionResult)
   在 System.Web.Mvc.ControllerActionInvoker.<>c__DisplayClass1a.<InvokeActionResultWithFilters>b__17()
   在 System.Web.Mvc.ControllerActionInvoker.InvokeActionResultFilter(IResultFilter filter, ResultExecutingContext preContext, Func`1 continuation)
   在 System.Web.Mvc.ControllerActionInvoker.<>c__DisplayClass1a.<>c__DisplayClass1c.<InvokeActionResultWithFilters>b__19()
   在 System.Web.Mvc.ControllerActionInvoker.InvokeActionResultFilter(IResultFilter filter, ResultExecutingContext preContext, Func`1 continuation)
   在 System.Web.Mvc.ControllerActionInvoker.<>c__DisplayClass1a.<>c__DisplayClass1c.<InvokeActionResultWithFilters>b__19()
   在 System.Web.Mvc.ControllerActionInvoker.InvokeActionResultWithFilters(ControllerContext controllerContext, IList`1 filters, ActionResult actionResult)
   在 System.Web.Mvc.Async.AsyncControllerActionInvoker.<>c__DisplayClass25.<>c__DisplayClass2a.<BeginInvokeAction>b__20()
   在 System.Web.Mvc.Async.AsyncControllerActionInvoker.<>c__DisplayClass25.<BeginInvokeAction>b__22(IAsyncResult asyncResult)
异常堆栈：   在 System.Web.Mvc.ViewResult.FindView(ControllerContext context)
   在 System.Web.Mvc.ViewResultBase.ExecuteResult(ControllerContext context)
   在 System.Web.Mvc.ControllerActionInvoker.InvokeActionResult(ControllerContext controllerContext, ActionResult actionResult)
   在 System.Web.Mvc.ControllerActionInvoker.<>c__DisplayClass1a.<InvokeActionResultWithFilters>b__17()
   在 System.Web.Mvc.ControllerActionInvoker.InvokeActionResultFilter(IResultFilter filter, ResultExecutingContext preContext, Func`1 continuation)
   在 System.Web.Mvc.ControllerActionInvoker.<>c__DisplayClass1a.<>c__DisplayClass1c.<InvokeActionResultWithFilters>b__19()
   在 System.Web.Mvc.ControllerActionInvoker.InvokeActionResultFilter(IResultFilter filter, ResultExecutingContext preContext, Func`1 continuation)
   在 System.Web.Mvc.ControllerActionInvoker.<>c__DisplayClass1a.<>c__DisplayClass1c.<InvokeActionResultWithFilters>b__19()
   在 System.Web.Mvc.ControllerActionInvoker.InvokeActionResultWithFilters(ControllerContext controllerContext, IList`1 filters, ActionResult actionResult)
   在 System.Web.Mvc.Async.AsyncControllerActionInvoker.<>c__DisplayClass25.<>c__DisplayClass2a.<BeginInvokeAction>b__20()
   在 System.Web.Mvc.Async.AsyncControllerActionInvoker.<>c__DisplayClass25.<BeginInvokeAction>b__22(IAsyncResult asyncResult)
异常简述：未找到视图“loginout”或其母版视图，或没有视图引擎支持搜索的位置。搜索了以下位置: 
~/Views/mainform/loginout.aspx
~/Views/mainform/loginout.ascx
~/Views/Shared/loginout.aspx
~/Views/Shared/loginout.ascx
~/Views/mainform/loginout.cshtml
~/Views/mainform/loginout.vbhtml
~/Views/Shared/loginout.cshtml
~/Views/Shared/loginout.vbhtml

----------------------------------

